<?xml version="1.0" encoding="UTF-8"?>
<!-- Generated by org.testng.reporters.JUnitXMLReporter -->
<testsuite ignored="1" hostname="DESKTOP-6MLLQVA" failures="0" tests="9" name="Test" time="0.021" errors="0" timestamp="16 Apr 2022 09:43:39 GMT">
  <testcase classname="sample.TestClass2" name="tc11" time="0.004"/>
  <testcase classname="sample.TestClass2" name="tc12" time="0.0"/>
  <testcase classname="sample.TestClass1" name="tc1" time="0.001"/>
  <testcase classname="sample.TestClass1" name="tc2" time="0.0"/>
  <testcase classname="sample.TestClass1" name="tc3" time="0.0"/>
  <testcase classname="sample.TestClass1" name="tc4" time="0.001"/>
  <testcase classname="sample.TestClass1" name="tc5" time="0.0"/>
  <testcase classname="sample.TestClass2" name="tc14" time="0.0"/>
  <testcase classname="sample.TestClass2" name="tc13" time="0.0"/>
  <testcase classname="sample.TestClass2" name="tc15" time="0.0">
    <ignored/>
  </testcase> <!-- tc15 -->
</testsuite> <!-- Test -->
