<?xml version="1.0" encoding="UTF-8"?>
<testng-results ignored="0" total="1" passed="1" failed="0" skipped="0">
  <reporter-output>
  </reporter-output>
  <suite started-at="2022-04-16T17:53:58Z" name="Default suite" finished-at="2022-04-16T17:54:03Z" duration-ms="4812">
    <groups>
    </groups>
    <test started-at="2022-04-16T17:53:58Z" name="Default test" finished-at="2022-04-16T17:54:03Z" duration-ms="4812">
      <class name="sample.TestClass2">
        <test-method signature="test()[pri:0, instance:sample.TestClass2@69f1a286]" started-at="2022-04-16T17:53:58Z" name="test" finished-at="2022-04-16T17:54:03Z" duration-ms="4801" status="PASS">
          <reporter-output>
          </reporter-output>
        </test-method> <!-- test -->
      </class> <!-- sample.TestClass2 -->
    </test> <!-- Default test -->
  </suite> <!-- Default suite -->
</testng-results>
