<?xml version="1.0" encoding="UTF-8"?>
<!-- Generated by org.testng.reporters.JUnitReportReporter -->
<testsuite hostname="DESKTOP-6MLLQVA" failures="0" tests="3" name="sample.TestClass1" time="19.410" errors="0" timestamp="16 Apr 2022 10:02:33 GMT" skipped="0">
  <testcase classname="sample.TestClass1" name="tc1" time="4.547"/>
  <testcase classname="sample.TestClass1" name="tc1" time="9.771"/>
  <testcase classname="sample.TestClass1" name="tc1" time="5.092"/>
</testsuite> <!-- sample.TestClass1 -->
